order | start time | end time | duration
----------------------------------------
order 1: 0.00 h - 5.17 h (5.17 h)
order 2: 5.17 h - 10.35 h (5.18 h)
----------------------------------------
total orders: 2
total time: 10.35 hours
order | start time | end time | duration
----------------------------------------
order 1: 0.00 h - 5.28 h (5.28 h)
order 2: 5.28 h - 9.85 h (4.57 h)
----------------------------------------
total orders: 2
total time: 9.85 hours
order | start time | end time | duration
----------------------------------------
order 1: 0.00 h - 5.03 h (5.03 h)
order 2: 5.03 h - 10.03 h (5.01 h)
----------------------------------------
total orders: 2
total time: 10.03 hours
order | start time | end time | duration
----------------------------------------
order 1: 0.00 h - 5.18 h (5.18 h)
order 2: 5.18 h - 9.94 h (4.76 h)
----------------------------------------
total orders: 2
total time: 9.94 hours
order | start time | end time | duration
----------------------------------------
order 1: 0.00 h - 5.59 h (5.59 h)
order 2: 5.59 h - 10.36 h (4.77 h)
----------------------------------------
total orders: 2
total time: 10.36 hours
order | start time | end time | duration
----------------------------------------
order 1: 0.00 h - 5.03 h (5.03 h)
order 2: 5.03 h - 10.33 h (5.30 h)
----------------------------------------
total orders: 2
total time: 10.33 hours
order | start time | end time | duration
----------------------------------------
order 1: 0.00 h - 5.19 h (5.19 h)
order 2: 5.19 h - 10.01 h (4.83 h)
----------------------------------------
total orders: 2
total time: 10.01 hours
order | start time | end time | duration
----------------------------------------
order 1: 0.00 h - 4.95 h (4.95 h)
order 2: 4.95 h - 9.77 h (4.82 h)
----------------------------------------
total orders: 2
total time: 9.77 hours
order | start time | end time | duration
----------------------------------------
order 1: 0.00 h - 5.13 h (5.13 h)
order 2: 5.13 h - 10.15 h (5.02 h)
----------------------------------------
total orders: 2
total time: 10.15 hours
order | start time | end time | duration
----------------------------------------
order 1: 0.00 h - 4.91 h (4.91 h)
order 2: 4.91 h - 9.98 h (5.07 h)
----------------------------------------
total orders: 2
total time: 9.98 hours
order | start time | end time | duration
----------------------------------------
order 1: 0.00 h - 4.99 h (4.99 h)
order 2: 4.99 h - 9.88 h (4.89 h)
----------------------------------------
total orders: 2
total time: 9.88 hours
order | start time | end time | duration
----------------------------------------
order 1: 0.00 h - 4.94 h (4.94 h)
order 2: 4.94 h - 9.53 h (4.59 h)
----------------------------------------
total orders: 2
total time: 9.53 hours
order | start time | end time | duration
----------------------------------------
order 1: 0.00 h - 4.99 h (4.99 h)
order 2: 4.99 h - 9.96 h (4.97 h)
----------------------------------------
total orders: 2
total time: 9.96 hours
order | start time | end time | duration
----------------------------------------
order 1: 0.00 h - 5.06 h (5.06 h)
order 2: 5.06 h - 10.16 h (5.10 h)
----------------------------------------
total orders: 2
total time: 10.16 hours
order | start time | end time | duration
----------------------------------------
order 1: 0.00 h - 4.96 h (4.96 h)
order 2: 4.96 h - 9.92 h (4.96 h)
----------------------------------------
total orders: 2
total time: 9.92 hours
order | start time | end time | duration
----------------------------------------
order 1: 0.00 h - 4.96 h (4.96 h)
order 2: 4.96 h - 10.13 h (5.17 h)
----------------------------------------
total orders: 2
total time: 10.13 hours
order | start time | end time | duration
----------------------------------------
order 1: 0.00 h - 5.15 h (5.15 h)
order 2: 5.15 h - 10.16 h (5.01 h)
----------------------------------------
total orders: 2
total time: 10.16 hours
order | start time | end time | duration
----------------------------------------
order 1: 0.00 h - 5.07 h (5.07 h)
order 2: 5.07 h - 10.12 h (5.06 h)
----------------------------------------
total orders: 2
total time: 10.12 hours
order | start time | end time | duration
----------------------------------------
order 1: 0.00 h - 4.98 h (4.98 h)
order 2: 4.98 h - 9.86 h (4.87 h)
----------------------------------------
total orders: 2
total time: 9.86 hours
order | start time | end time | duration
----------------------------------------
order 1: 0.00 h - 4.94 h (4.94 h)
order 2: 4.94 h - 10.33 h (5.39 h)
----------------------------------------
total orders: 2
total time: 10.33 hours
order | start time | end time | duration
----------------------------------------
order 1: 0.00 h - 4.84 h (4.84 h)
order 2: 4.84 h - 9.66 h (4.82 h)
----------------------------------------
total orders: 2
total time: 9.66 hours
order | start time | end time | duration
----------------------------------------
order 1: 0.00 h - 5.04 h (5.04 h)
order 2: 5.04 h - 9.44 h (4.39 h)
----------------------------------------
total orders: 2
total time: 9.44 hours
order | start time | end time | duration
----------------------------------------
order 1: 0.00 h - 5.18 h (5.18 h)
order 2: 5.18 h - 10.41 h (5.23 h)
----------------------------------------
total orders: 2
total time: 10.41 hours
order | start time | end time | duration
----------------------------------------
order 1: 0.00 h - 5.30 h (5.30 h)
order 2: 5.30 h - 9.97 h (4.67 h)
----------------------------------------
total orders: 2
total time: 9.97 hours
order | start time | end time | duration
----------------------------------------
order 1: 0.00 h - 4.80 h (4.80 h)
order 2: 4.80 h - 10.00 h (5.20 h)
----------------------------------------
total orders: 2
total time: 10.00 hours
order | start time | end time | duration
----------------------------------------
order 1: 0.00 h - 5.04 h (5.04 h)
order 2: 5.04 h - 9.74 h (4.71 h)
----------------------------------------
total orders: 2
total time: 9.74 hours
order | start time | end time | duration
----------------------------------------
order 1: 0.00 h - 5.02 h (5.02 h)
order 2: 5.02 h - 10.00 h (4.98 h)
----------------------------------------
total orders: 2
total time: 10.00 hours
order | start time | end time | duration
----------------------------------------
order 1: 0.00 h - 4.95 h (4.95 h)
order 2: 4.95 h - 10.10 h (5.16 h)
----------------------------------------
total orders: 2
total time: 10.10 hours
order | start time | end time | duration
----------------------------------------
order 1: 0.00 h - 4.81 h (4.81 h)
order 2: 4.81 h - 9.68 h (4.88 h)
----------------------------------------
total orders: 2
total time: 9.68 hours
order | start time | end time | duration
----------------------------------------
order 1: 0.00 h - 5.23 h (5.23 h)
order 2: 5.23 h - 10.11 h (4.88 h)
----------------------------------------
total orders: 2
total time: 10.11 hours
order | start time | end time | duration
----------------------------------------
order 1: 0.00 h - 5.17 h (5.17 h)
order 2: 5.17 h - 10.34 h (5.17 h)
----------------------------------------
total orders: 2
total time: 10.34 hours
order | start time | end time | duration
----------------------------------------
order 1: 0.00 h - 5.25 h (5.25 h)
order 2: 5.25 h - 10.18 h (4.93 h)
----------------------------------------
total orders: 2
total time: 10.18 hours
order | start time | end time | duration
----------------------------------------
order 1: 0.00 h - 4.87 h (4.87 h)
order 2: 4.87 h - 9.90 h (5.04 h)
----------------------------------------
total orders: 2
total time: 9.90 hours
order | start time | end time | duration
----------------------------------------
order 1: 0.00 h - 5.26 h (5.26 h)
order 2: 5.26 h - 10.10 h (4.84 h)
----------------------------------------
total orders: 2
total time: 10.10 hours
order | start time | end time | duration
----------------------------------------
order 1: 0.00 h - 4.81 h (4.81 h)
order 2: 4.81 h - 9.36 h (4.55 h)
----------------------------------------
total orders: 2
total time: 9.36 hours
order | start time | end time | duration
----------------------------------------
order 1: 0.00 h - 5.03 h (5.03 h)
order 2: 5.03 h - 10.43 h (5.40 h)
----------------------------------------
total orders: 2
total time: 10.43 hours
order | start time | end time | duration
----------------------------------------
order 1: 0.00 h - 4.68 h (4.68 h)
order 2: 4.68 h - 9.86 h (5.18 h)
----------------------------------------
total orders: 2
total time: 9.86 hours
order | start time | end time | duration
----------------------------------------
order 1: 0.00 h - 4.99 h (4.99 h)
order 2: 4.99 h - 9.49 h (4.50 h)
----------------------------------------
total orders: 2
total time: 9.49 hours
order | start time | end time | duration
----------------------------------------
order 1: 0.00 h - 4.85 h (4.85 h)
order 2: 4.85 h - 9.57 h (4.72 h)
----------------------------------------
total orders: 2
total time: 9.57 hours
order | start time | end time | duration
----------------------------------------
order 1: 0.00 h - 5.03 h (5.03 h)
order 2: 5.03 h - 10.26 h (5.23 h)
----------------------------------------
total orders: 2
total time: 10.26 hours
order | start time | end time | duration
----------------------------------------
order 1: 0.00 h - 4.84 h (4.84 h)
order 2: 4.84 h - 9.67 h (4.84 h)
----------------------------------------
total orders: 2
total time: 9.67 hours
order | start time | end time | duration
----------------------------------------
order 1: 0.00 h - 4.72 h (4.72 h)
order 2: 4.72 h - 9.77 h (5.05 h)
----------------------------------------
total orders: 2
total time: 9.77 hours
order | start time | end time | duration
----------------------------------------
order 1: 0.00 h - 5.11 h (5.11 h)
order 2: 5.11 h - 10.27 h (5.16 h)
----------------------------------------
total orders: 2
total time: 10.27 hours
order | start time | end time | duration
----------------------------------------
order 1: 0.00 h - 5.24 h (5.24 h)
order 2: 5.24 h - 10.58 h (5.34 h)
----------------------------------------
total orders: 2
total time: 10.58 hours
order | start time | end time | duration
----------------------------------------
order 1: 0.00 h - 5.16 h (5.16 h)
order 2: 5.16 h - 10.67 h (5.51 h)
----------------------------------------
total orders: 2
total time: 10.67 hours
order | start time | end time | duration
----------------------------------------
order 1: 0.00 h - 5.49 h (5.49 h)
order 2: 5.49 h - 10.57 h (5.08 h)
----------------------------------------
total orders: 2
total time: 10.57 hours
order | start time | end time | duration
----------------------------------------
order 1: 0.00 h - 5.25 h (5.25 h)
order 2: 5.25 h - 10.05 h (4.80 h)
----------------------------------------
total orders: 2
total time: 10.05 hours
order | start time | end time | duration
----------------------------------------
order 1: 0.00 h - 5.28 h (5.28 h)
order 2: 5.28 h - 10.67 h (5.39 h)
----------------------------------------
total orders: 2
total time: 10.67 hours
order | start time | end time | duration
----------------------------------------
order 1: 0.00 h - 5.15 h (5.15 h)
order 2: 5.15 h - 10.38 h (5.24 h)
----------------------------------------
total orders: 2
total time: 10.38 hours
order | start time | end time | duration
----------------------------------------
order 1: 0.00 h - 5.15 h (5.15 h)
order 2: 5.15 h - 10.15 h (5.00 h)
----------------------------------------
total orders: 2
total time: 10.15 hours
order | start time | end time | duration
----------------------------------------
order 1: 0.00 h - 4.81 h (4.81 h)
order 2: 4.81 h - 9.64 h (4.83 h)
----------------------------------------
total orders: 2
total time: 9.64 hours
order | start time | end time | duration
----------------------------------------
order 1: 0.00 h - 4.91 h (4.91 h)
order 2: 4.91 h - 9.76 h (4.85 h)
----------------------------------------
total orders: 2
total time: 9.76 hours
order | start time | end time | duration
----------------------------------------
order 1: 0.00 h - 4.73 h (4.73 h)
order 2: 4.73 h - 9.91 h (5.18 h)
----------------------------------------
total orders: 2
total time: 9.91 hours
order | start time | end time | duration
----------------------------------------
order 1: 0.00 h - 5.35 h (5.35 h)
order 2: 5.35 h - 10.13 h (4.78 h)
----------------------------------------
total orders: 2
total time: 10.13 hours
order | start time | end time | duration
----------------------------------------
order 1: 0.00 h - 5.31 h (5.31 h)
order 2: 5.31 h - 10.01 h (4.70 h)
----------------------------------------
total orders: 2
total time: 10.01 hours
order | start time | end time | duration
----------------------------------------
order 1: 0.00 h - 4.88 h (4.88 h)
order 2: 4.88 h - 9.99 h (5.11 h)
----------------------------------------
total orders: 2
total time: 9.99 hours
order | start time | end time | duration
----------------------------------------
order 1: 0.00 h - 5.02 h (5.02 h)
order 2: 5.02 h - 10.10 h (5.08 h)
----------------------------------------
total orders: 2
total time: 10.10 hours
order | start time | end time | duration
----------------------------------------
order 1: 0.00 h - 5.08 h (5.08 h)
order 2: 5.08 h - 10.72 h (5.64 h)
----------------------------------------
total orders: 2
total time: 10.72 hours
order | start time | end time | duration
----------------------------------------
order 1: 0.00 h - 4.82 h (4.82 h)
order 2: 4.82 h - 9.83 h (5.01 h)
----------------------------------------
total orders: 2
total time: 9.83 hours
order | start time | end time | duration
----------------------------------------
order 1: 0.00 h - 4.86 h (4.86 h)
order 2: 4.86 h - 10.04 h (5.19 h)
----------------------------------------
total orders: 2
total time: 10.04 hours
order | start time | end time | duration
----------------------------------------
order 1: 0.00 h - 4.98 h (4.98 h)
order 2: 4.98 h - 9.57 h (4.59 h)
----------------------------------------
total orders: 2
total time: 9.57 hours
order | start time | end time | duration
----------------------------------------
order 1: 0.00 h - 4.90 h (4.90 h)
order 2: 4.90 h - 10.16 h (5.26 h)
----------------------------------------
total orders: 2
total time: 10.16 hours
order | start time | end time | duration
----------------------------------------
order 1: 0.00 h - 5.06 h (5.06 h)
order 2: 5.06 h - 9.77 h (4.71 h)
----------------------------------------
total orders: 2
total time: 9.77 hours
order | start time | end time | duration
----------------------------------------
order 1: 0.00 h - 4.82 h (4.82 h)
order 2: 4.82 h - 9.94 h (5.13 h)
----------------------------------------
total orders: 2
total time: 9.94 hours
order | start time | end time | duration
----------------------------------------
order 1: 0.00 h - 5.41 h (5.41 h)
order 2: 5.41 h - 10.26 h (4.84 h)
----------------------------------------
total orders: 2
total time: 10.26 hours
order | start time | end time | duration
----------------------------------------
order 1: 0.00 h - 4.93 h (4.93 h)
order 2: 4.93 h - 9.48 h (4.55 h)
----------------------------------------
total orders: 2
total time: 9.48 hours
order | start time | end time | duration
----------------------------------------
order 1: 0.00 h - 4.82 h (4.82 h)
order 2: 4.82 h - 9.80 h (4.98 h)
----------------------------------------
total orders: 2
total time: 9.80 hours
order | start time | end time | duration
----------------------------------------
order 1: 0.00 h - 5.32 h (5.32 h)
order 2: 5.32 h - 10.06 h (4.74 h)
----------------------------------------
total orders: 2
total time: 10.06 hours
order | start time | end time | duration
----------------------------------------
order 1: 0.00 h - 4.82 h (4.82 h)
order 2: 4.82 h - 9.89 h (5.07 h)
----------------------------------------
total orders: 2
total time: 9.89 hours
order | start time | end time | duration
----------------------------------------
order 1: 0.00 h - 4.64 h (4.64 h)
order 2: 4.64 h - 9.32 h (4.68 h)
----------------------------------------
total orders: 2
total time: 9.32 hours
order | start time | end time | duration
----------------------------------------
order 1: 0.00 h - 4.91 h (4.91 h)
order 2: 4.91 h - 10.19 h (5.28 h)
----------------------------------------
total orders: 2
total time: 10.19 hours
order | start time | end time | duration
----------------------------------------
order 1: 0.00 h - 5.29 h (5.29 h)
order 2: 5.29 h - 10.24 h (4.94 h)
----------------------------------------
total orders: 2
total time: 10.24 hours
order | start time | end time | duration
----------------------------------------
order 1: 0.00 h - 5.10 h (5.10 h)
order 2: 5.10 h - 10.32 h (5.22 h)
----------------------------------------
total orders: 2
total time: 10.32 hours
order | start time | end time | duration
----------------------------------------
order 1: 0.00 h - 4.93 h (4.93 h)
order 2: 4.93 h - 9.53 h (4.60 h)
----------------------------------------
total orders: 2
total time: 9.53 hours
order | start time | end time | duration
----------------------------------------
order 1: 0.00 h - 5.03 h (5.03 h)
order 2: 5.03 h - 10.25 h (5.22 h)
----------------------------------------
total orders: 2
total time: 10.25 hours
order | start time | end time | duration
----------------------------------------
order 1: 0.00 h - 5.15 h (5.15 h)
order 2: 5.15 h - 10.17 h (5.01 h)
----------------------------------------
total orders: 2
total time: 10.17 hours
order | start time | end time | duration
----------------------------------------
order 1: 0.00 h - 4.60 h (4.60 h)
order 2: 4.60 h - 9.69 h (5.09 h)
----------------------------------------
total orders: 2
total time: 9.69 hours
order | start time | end time | duration
----------------------------------------
order 1: 0.00 h - 4.93 h (4.93 h)
order 2: 4.93 h - 9.77 h (4.84 h)
----------------------------------------
total orders: 2
total time: 9.77 hours
order | start time | end time | duration
----------------------------------------
order 1: 0.00 h - 5.09 h (5.09 h)
order 2: 5.09 h - 10.10 h (5.01 h)
----------------------------------------
total orders: 2
total time: 10.10 hours
order | start time | end time | duration
----------------------------------------
order 1: 0.00 h - 5.10 h (5.10 h)
order 2: 5.10 h - 10.05 h (4.95 h)
----------------------------------------
total orders: 2
total time: 10.05 hours
order | start time | end time | duration
----------------------------------------
order 1: 0.00 h - 5.08 h (5.08 h)
order 2: 5.08 h - 9.73 h (4.65 h)
----------------------------------------
total orders: 2
total time: 9.73 hours
order | start time | end time | duration
----------------------------------------
order 1: 0.00 h - 5.02 h (5.02 h)
order 2: 5.02 h - 10.31 h (5.29 h)
----------------------------------------
total orders: 2
total time: 10.31 hours
order | start time | end time | duration
----------------------------------------
order 1: 0.00 h - 5.00 h (5.00 h)
order 2: 5.00 h - 9.76 h (4.76 h)
----------------------------------------
total orders: 2
total time: 9.76 hours
order | start time | end time | duration
----------------------------------------
order 1: 0.00 h - 4.96 h (4.96 h)
order 2: 4.96 h - 10.01 h (5.06 h)
----------------------------------------
total orders: 2
total time: 10.01 hours
order | start time | end time | duration
----------------------------------------
order 1: 0.00 h - 5.50 h (5.50 h)
order 2: 5.50 h - 10.37 h (4.87 h)
----------------------------------------
total orders: 2
total time: 10.37 hours
order | start time | end time | duration
----------------------------------------
order 1: 0.00 h - 5.20 h (5.20 h)
order 2: 5.20 h - 10.00 h (4.80 h)
----------------------------------------
total orders: 2
total time: 10.00 hours
order | start time | end time | duration
----------------------------------------
order 1: 0.00 h - 5.06 h (5.06 h)
order 2: 5.06 h - 10.27 h (5.21 h)
----------------------------------------
total orders: 2
total time: 10.27 hours
order | start time | end time | duration
----------------------------------------
order 1: 0.00 h - 4.89 h (4.89 h)
order 2: 4.89 h - 9.62 h (4.72 h)
----------------------------------------
total orders: 2
total time: 9.62 hours
order | start time | end time | duration
----------------------------------------
order 1: 0.00 h - 5.05 h (5.05 h)
order 2: 5.05 h - 10.05 h (5.00 h)
----------------------------------------
total orders: 2
total time: 10.05 hours
order | start time | end time | duration
----------------------------------------
order 1: 0.00 h - 4.94 h (4.94 h)
order 2: 4.94 h - 9.77 h (4.83 h)
----------------------------------------
total orders: 2
total time: 9.77 hours
order | start time | end time | duration
----------------------------------------
order 1: 0.00 h - 5.10 h (5.10 h)
order 2: 5.10 h - 10.18 h (5.08 h)
----------------------------------------
total orders: 2
total time: 10.18 hours
order | start time | end time | duration
----------------------------------------
order 1: 0.00 h - 5.14 h (5.14 h)
order 2: 5.14 h - 10.27 h (5.13 h)
----------------------------------------
total orders: 2
total time: 10.27 hours
order | start time | end time | duration
----------------------------------------
order 1: 0.00 h - 5.01 h (5.01 h)
order 2: 5.01 h - 10.25 h (5.24 h)
----------------------------------------
total orders: 2
total time: 10.25 hours
order | start time | end time | duration
----------------------------------------
order 1: 0.00 h - 5.18 h (5.18 h)
order 2: 5.18 h - 10.07 h (4.90 h)
----------------------------------------
total orders: 2
total time: 10.07 hours
order | start time | end time | duration
----------------------------------------
order 1: 0.00 h - 4.78 h (4.78 h)
order 2: 4.78 h - 10.04 h (5.26 h)
----------------------------------------
total orders: 2
total time: 10.04 hours
order | start time | end time | duration
----------------------------------------
order 1: 0.00 h - 4.72 h (4.72 h)
order 2: 4.72 h - 9.57 h (4.85 h)
----------------------------------------
total orders: 2
total time: 9.57 hours
order | start time | end time | duration
----------------------------------------
order 1: 0.00 h - 4.91 h (4.91 h)
order 2: 4.91 h - 10.08 h (5.17 h)
----------------------------------------
total orders: 2
total time: 10.08 hours
order | start time | end time | duration
----------------------------------------
order 1: 0.00 h - 4.82 h (4.82 h)
order 2: 4.82 h - 9.73 h (4.90 h)
----------------------------------------
total orders: 2
total time: 9.73 hours
order | start time | end time | duration
----------------------------------------
order 1: 0.00 h - 5.44 h (5.44 h)
order 2: 5.44 h - 10.20 h (4.76 h)
----------------------------------------
total orders: 2
total time: 10.20 hours
order | start time | end time | duration
----------------------------------------
order 1: 0.00 h - 4.95 h (4.95 h)
order 2: 4.95 h - 9.79 h (4.84 h)
----------------------------------------
total orders: 2
total time: 9.79 hours
